Content-Type: text/plain; charset="utf-8"
MIME-Version: 1.0
Content-Transfer-Encoding: 7bit
Subject: Someone bid higher than you!
From: no-reply@yet-another-auction-site.com
To: niklas.niemela@hotmail.com
Date: Wed, 20 Feb 2019 16:04:13 -0000
Message-ID: <155067865386.5920.18046970135946628231@Niklas-PC>

Someone has bid higher you in1111
-------------------------------------------------------------------------------
Content-Type: text/plain; charset="utf-8"
MIME-Version: 1.0
Content-Transfer-Encoding: 7bit
Subject: Subject here
From: no-reply@yet-another-auction-site.com
To: niklas.niemela@hotmail.com
Date: Wed, 20 Feb 2019 16:04:13 -0000
Message-ID: <155067865387.5920.17396815911152308759@Niklas-PC>

Here is the message.
-------------------------------------------------------------------------------
