Content-Type: text/plain; charset="utf-8"
MIME-Version: 1.0
Content-Transfer-Encoding: 7bit
Subject: Someone bid higher than you!
From: no-reply@yet-another-auction-site.com
To: admin@utu.fi
Date: Wed, 20 Feb 2019 16:07:01 -0000
Message-ID: <155067882189.3736.17799565994075679782@Niklas-PC>

Someone has bid higher you in1111
-------------------------------------------------------------------------------
Content-Type: text/plain; charset="utf-8"
MIME-Version: 1.0
Content-Transfer-Encoding: 7bit
Subject: Subject here
From: no-reply@yet-another-auction-site.com
To: niklas.niemela@hotmail.com
Date: Wed, 20 Feb 2019 16:07:01 -0000
Message-ID: <155067882190.3736.1393021424573837148@Niklas-PC>

Here is the message.
-------------------------------------------------------------------------------
