Content-Type: text/plain; charset="utf-8"
MIME-Version: 1.0
Content-Transfer-Encoding: 7bit
Subject: Someone bid higher than you!
From: no-reply@yet-another-auction-site.com
To: niklas.niemela@hotmail.com
Date: Wed, 20 Feb 2019 16:05:31 -0000
Message-ID: <155067873145.1584.11928092267980884819@Niklas-PC>

Someone has bid higher you in123
-------------------------------------------------------------------------------
Content-Type: text/plain; charset="utf-8"
MIME-Version: 1.0
Content-Transfer-Encoding: 7bit
Subject: Subject here
From: no-reply@yet-another-auction-site.com
To: niklas.niemela@hotmail.com
Date: Wed, 20 Feb 2019 16:05:31 -0000
Message-ID: <155067873146.1584.13196093981264554162@Niklas-PC>

Here is the message.
-------------------------------------------------------------------------------
