Content-Type: text/plain; charset="utf-8"
MIME-Version: 1.0
Content-Transfer-Encoding: 7bit
Subject: Someone bid higher than you!
From: no-reply@yet-another-auction-site.com
To: niklas.niemela@hotmail.com
Date: Wed, 20 Feb 2019 16:04:42 -0000
Message-ID: <155067868261.14224.2917520085600103774@Niklas-PC>

Someone has bid higher you in222222
-------------------------------------------------------------------------------
Content-Type: text/plain; charset="utf-8"
MIME-Version: 1.0
Content-Transfer-Encoding: 7bit
Subject: Subject here
From: no-reply@yet-another-auction-site.com
To: niklas.niemela@hotmail.com
Date: Wed, 20 Feb 2019 16:04:42 -0000
Message-ID: <155067868262.14224.5591616206672655501@Niklas-PC>

Here is the message.
-------------------------------------------------------------------------------
